<?xml version="1.0" encoding="UTF-8"?>
<coverage generated="1743445686575" clover="3.2.0">
  <project timestamp="1743445686575" name="All files">
    <metrics statements="66" coveredstatements="66" conditionals="14" coveredconditionals="14" methods="5" coveredmethods="5" elements="85" coveredelements="85" complexity="0" loc="66" ncloc="66" packages="1" files="3" classes="3"/>
    <file name="0001.ts" path="C:\Users\elkeh\Repositories\rendezvous-with-cassidoo-interview-questions\src\days\0001.ts">
      <metrics statements="25" coveredstatements="25" conditionals="3" coveredconditionals="3" methods="1" coveredmethods="1"/>
      <line num="3" count="1" type="cond" truecount="1" falsecount="0"/>
      <line num="4" count="9" type="stmt"/>
      <line num="5" count="9" type="stmt"/>
      <line num="6" count="9" type="stmt"/>
      <line num="7" count="9" type="stmt"/>
      <line num="8" count="9" type="stmt"/>
      <line num="9" count="9" type="stmt"/>
      <line num="10" count="9" type="stmt"/>
      <line num="11" count="9" type="stmt"/>
      <line num="12" count="9" type="stmt"/>
      <line num="13" count="9" type="stmt"/>
      <line num="14" count="9" type="stmt"/>
      <line num="15" count="9" type="stmt"/>
      <line num="16" count="9" type="stmt"/>
      <line num="17" count="9" type="stmt"/>
      <line num="18" count="9" type="stmt"/>
      <line num="20" count="9" type="stmt"/>
      <line num="21" count="9" type="cond" truecount="1" falsecount="0"/>
      <line num="22" count="117" type="cond" truecount="1" falsecount="0"/>
      <line num="23" count="22" type="stmt"/>
      <line num="24" count="22" type="stmt"/>
      <line num="25" count="22" type="stmt"/>
      <line num="26" count="117" type="stmt"/>
      <line num="27" count="9" type="stmt"/>
      <line num="28" count="9" type="stmt"/>
    </file>
    <file name="0397.ts" path="C:\Users\elkeh\Repositories\rendezvous-with-cassidoo-interview-questions\src\days\0397.ts">
      <metrics statements="20" coveredstatements="20" conditionals="6" coveredconditionals="6" methods="1" coveredmethods="1"/>
      <line num="1" count="1" type="cond" truecount="1" falsecount="0"/>
      <line num="2" count="3" type="stmt"/>
      <line num="3" count="3" type="stmt"/>
      <line num="4" count="3" type="stmt"/>
      <line num="5" count="3" type="stmt"/>
      <line num="6" count="3" type="stmt"/>
      <line num="7" count="3" type="cond" truecount="1" falsecount="0"/>
      <line num="8" count="15" type="cond" truecount="1" falsecount="0"/>
      <line num="9" count="13" type="stmt"/>
      <line num="10" count="15" type="cond" truecount="1" falsecount="0"/>
      <line num="11" count="2" type="stmt"/>
      <line num="12" count="2" type="stmt"/>
      <line num="13" count="2" type="stmt"/>
      <line num="14" count="3" type="stmt"/>
      <line num="15" count="3" type="stmt"/>
      <line num="16" count="3" type="cond" truecount="1" falsecount="0"/>
      <line num="17" count="2" type="stmt"/>
      <line num="18" count="2" type="cond" truecount="1" falsecount="0"/>
      <line num="19" count="1" type="stmt"/>
      <line num="20" count="1" type="stmt"/>
    </file>
    <file name="0398.ts" path="C:\Users\elkeh\Repositories\rendezvous-with-cassidoo-interview-questions\src\days\0398.ts">
      <metrics statements="21" coveredstatements="21" conditionals="5" coveredconditionals="5" methods="3" coveredmethods="3"/>
      <line num="3" count="1" type="cond" truecount="1" falsecount="0"/>
      <line num="4" count="22" type="stmt"/>
      <line num="5" count="22" type="stmt"/>
      <line num="6" count="22" type="stmt"/>
      <line num="8" count="1" type="cond" truecount="1" falsecount="0"/>
      <line num="9" count="11" type="stmt"/>
      <line num="10" count="11" type="stmt"/>
      <line num="11" count="11" type="stmt"/>
      <line num="12" count="11" type="stmt"/>
      <line num="14" count="1" type="cond" truecount="1" falsecount="0"/>
      <line num="15" count="4" type="stmt"/>
      <line num="16" count="4" type="cond" truecount="1" falsecount="0"/>
      <line num="17" count="4" type="stmt"/>
      <line num="18" count="4" type="cond" truecount="1" falsecount="0"/>
      <line num="19" count="11" type="stmt"/>
      <line num="20" count="11" type="stmt"/>
      <line num="21" count="11" type="stmt"/>
      <line num="22" count="11" type="stmt"/>
      <line num="23" count="4" type="stmt"/>
      <line num="24" count="4" type="stmt"/>
      <line num="25" count="4" type="stmt"/>
    </file>
  </project>
</coverage>
