{"C:\\Users\\elkeh\\Repositories\\rendezvous-with-cassidoo-interview-questions\\src\\days\\0398\\index.ts": {"path":"C:\\Users\\elkeh\\Repositories\\rendezvous-with-cassidoo-interview-questions\\src\\days\\0398\\index.ts","all":false,"statementMap":{"2":{"start":{"line":3,"column":0},"end":{"line":3,"column":68}},"3":{"start":{"line":4,"column":0},"end":{"line":4,"column":48}},"4":{"start":{"line":5,"column":0},"end":{"line":5,"column":54}},"5":{"start":{"line":6,"column":0},"end":{"line":6,"column":2}},"7":{"start":{"line":8,"column":0},"end":{"line":8,"column":78}},"8":{"start":{"line":9,"column":0},"end":{"line":9,"column":56}},"9":{"start":{"line":10,"column":0},"end":{"line":10,"column":56}},"10":{"start":{"line":11,"column":0},"end":{"line":11,"column":56}},"11":{"start":{"line":12,"column":0},"end":{"line":12,"column":2}},"13":{"start":{"line":14,"column":0},"end":{"line":14,"column":72}},"14":{"start":{"line":15,"column":0},"end":{"line":15,"column":17}},"15":{"start":{"line":16,"column":0},"end":{"line":16,"column":39}},"16":{"start":{"line":17,"column":0},"end":{"line":17,"column":12}},"17":{"start":{"line":18,"column":0},"end":{"line":18,"column":48}},"18":{"start":{"line":19,"column":0},"end":{"line":19,"column":17}},"19":{"start":{"line":20,"column":0},"end":{"line":20,"column":21}},"20":{"start":{"line":21,"column":0},"end":{"line":21,"column":75}},"21":{"start":{"line":22,"column":0},"end":{"line":22,"column":10}},"22":{"start":{"line":23,"column":0},"end":{"line":23,"column":8}},"23":{"start":{"line":24,"column":0},"end":{"line":24,"column":6}},"24":{"start":{"line":25,"column":0},"end":{"line":25,"column":1}}},"s":{"2":1,"3":22,"4":22,"5":22,"7":1,"8":11,"9":11,"10":11,"11":11,"13":1,"14":4,"15":4,"16":4,"17":4,"18":11,"19":11,"20":11,"21":11,"22":4,"23":4,"24":4},"branchMap":{"0":{"type":"branch","line":3,"loc":{"start":{"line":3,"column":23},"end":{"line":6,"column":2}},"locations":[{"start":{"line":3,"column":23},"end":{"line":6,"column":2}}]},"1":{"type":"branch","line":8,"loc":{"start":{"line":8,"column":19},"end":{"line":12,"column":2}},"locations":[{"start":{"line":8,"column":19},"end":{"line":12,"column":2}}]},"2":{"type":"branch","line":14,"loc":{"start":{"line":14,"column":7},"end":{"line":25,"column":1}},"locations":[{"start":{"line":14,"column":7},"end":{"line":25,"column":1}}]},"3":{"type":"branch","line":16,"loc":{"start":{"line":16,"column":10},"end":{"line":16,"column":38}},"locations":[{"start":{"line":16,"column":10},"end":{"line":16,"column":38}}]},"4":{"type":"branch","line":18,"loc":{"start":{"line":18,"column":6},"end":{"line":22,"column":10}},"locations":[{"start":{"line":18,"column":6},"end":{"line":22,"column":10}}]}},"b":{"0":[22],"1":[11],"2":[4],"3":[13],"4":[11]},"fnMap":{"0":{"name":"splitTimestamp","decl":{"start":{"line":3,"column":23},"end":{"line":6,"column":2}},"loc":{"start":{"line":3,"column":23},"end":{"line":6,"column":2}},"line":3},"1":{"name":"getTimeGap","decl":{"start":{"line":8,"column":19},"end":{"line":12,"column":2}},"loc":{"start":{"line":8,"column":19},"end":{"line":12,"column":2}},"line":8},"2":{"name":"findLongestTimeGap","decl":{"start":{"line":14,"column":7},"end":{"line":25,"column":1}},"loc":{"start":{"line":14,"column":7},"end":{"line":25,"column":1}},"line":14}},"f":{"0":22,"1":11,"2":4}}
}
